UERANSIM v3.2.6
[2026-05-09 17:07:01.735] [nas] [info] UE switches to state [MM-DEREGISTERED/PLMN-SEARCH]
[2026-05-09 17:07:03.755] [rrc] [debug] New signal detected for cell[1], total [1] cells in coverage
[2026-05-09 17:07:03.755] [nas] [error] PLMN selection failure, no cells in coverage
[2026-05-09 17:07:03.759] [nas] [info] Selected plmn[001/01]
[2026-05-09 17:07:03.760] [rrc] [info] Selected cell plmn[001/01] tac[1] category[SUITABLE]
[2026-05-09 17:07:03.761] [nas] [info] UE switches to state [MM-DEREGISTERED/PS]
[2026-05-09 17:07:03.764] [nas] [info] UE switches to state [MM-DEREGISTERED/NORMAL-SERVICE]
[2026-05-09 17:07:03.764] [nas] [debug] Initial registration required due to [MM-DEREG-NORMAL-SERVICE]
[2026-05-09 17:07:03.764] [nas] [debug] UAC access attempt is allowed for identity[0], category[MO_sig]
[2026-05-09 17:07:03.764] [nas] [debug] Sending Initial Registration
[2026-05-09 17:07:03.786] [nas] [info] UE switches to state [MM-REGISTER-INITIATED]
[2026-05-09 17:07:03.786] [rrc] [debug] Sending RRC Setup Request
[2026-05-09 17:07:03.789] [rrc] [info] RRC connection established
[2026-05-09 17:07:03.789] [rrc] [info] UE switches to state [RRC-CONNECTED]
[2026-05-09 17:07:03.789] [nas] [info] UE switches to state [CM-CONNECTED]
[2026-05-09 17:07:04.028] [nas] [debug] Authentication Request received
[2026-05-09 17:07:04.028] [nas] [debug] Received SQN [000000000281]
[2026-05-09 17:07:04.028] [nas] [debug] SQN-MS [000000000000]
[2026-05-09 17:07:04.087] [nas] [debug] Security Mode Command received
[2026-05-09 17:07:04.087] [nas] [debug] Selected integrity[2] ciphering[0]
[2026-05-09 17:07:04.167] [nas] [debug] Registration accept received
[2026-05-09 17:07:04.167] [nas] [info] UE switches to state [MM-REGISTERED/NORMAL-SERVICE]
[2026-05-09 17:07:04.168] [nas] [debug] Sending Registration Complete
[2026-05-09 17:07:04.168] [nas] [info] Initial Registration is successful
[2026-05-09 17:07:04.168] [nas] [debug] Sending PDU Session Establishment Request
[2026-05-09 17:07:04.169] [nas] [debug] UAC access attempt is allowed for identity[0], category[MO_sig]
[2026-05-09 17:07:04.370] [nas] [debug] Configuration Update Command received
[2026-05-09 17:07:04.506] [nas] [debug] PDU Session Establishment Accept received
[2026-05-09 17:07:04.508] [nas] [info] PDU Session establishment is successful PSI[1]
[2026-05-09 17:07:04.668] [app] [info] Connection setup for PDU session[1] is successful, TUN interface[uesimtun0, 10.45.0.153] is up.
